<?xml version="1.0" encoding="UTF-8"?>
<coverage generated="1652359469125" clover="3.2.0">
  <project timestamp="1652359469125" name="All files">
    <metrics statements="2" coveredstatements="2" conditionals="0" coveredconditionals="0" methods="2" coveredmethods="2" elements="4" coveredelements="4" complexity="0" loc="2" ncloc="2" packages="1" files="1" classes="1"/>
    <file name="demo.js" path="/Users/nikypalletamouralima/Projects/Javascript/qa-supertest-api-automation/sources/tests/integrations/api/demo.js">
      <metrics statements="2" coveredstatements="2" conditionals="0" coveredconditionals="0" methods="2" coveredmethods="2"/>
      <line num="4" count="1" type="stmt"/>
      <line num="8" count="1" type="stmt"/>
    </file>
  </project>
</coverage>
