{"/Users/nikypalletamouralima/Projects/Javascript/qa-supertest-api-automation/sources/tests/integrations/api/demo.js": {"path":"/Users/nikypalletamouralima/Projects/Javascript/qa-supertest-api-automation/sources/tests/integrations/api/demo.js","statementMap":{"0":{"start":{"line":4,"column":8},"end":{"line":4,"column":36}},"1":{"start":{"line":8,"column":8},"end":{"line":8,"column":43}}},"fnMap":{"0":{"name":"(anonymous_0)","decl":{"start":{"line":3,"column":4},"end":{"line":3,"column":5}},"loc":{"start":{"line":3,"column":18},"end":{"line":5,"column":5}},"line":3},"1":{"name":"(anonymous_1)","decl":{"start":{"line":7,"column":4},"end":{"line":7,"column":5}},"loc":{"start":{"line":7,"column":24},"end":{"line":9,"column":5}},"line":7}},"branchMap":{},"s":{"0":1,"1":1},"f":{"0":1,"1":1},"b":{},"_coverageSchema":"1a1c01bbd47fc00a2c39e90264f33305004495a9","hash":"f77cabaf596f4448ada526fa1bea88f1386beb3e"}
}
